build/app/intermediates/manifest_merge_blame_file/debug/manifest-merger-blame-debug-report.txt
1<?xml version="1.0" encoding="utf-8"?>
2<manifest xmlns:android="http://schemas.android.com/apk/res/android"
3    package="com.example.doantn"
4    android:versionCode="1"
5    android:versionName="1.0.0" >
6
7    <uses-sdk
8        android:minSdkVersion="21"
9        android:targetSdkVersion="34" />
10    <!--
11         The INTERNET permission is required for development. Specifically,
12         the Flutter tool needs it to communicate with the running application
13         to allow setting breakpoints, to provide hot reload, etc.
14    -->
15    <uses-permission android:name="android.permission.INTERNET" />
15-->src\main\AndroidManifest.xml:2:5-67
15-->src\main\AndroidManifest.xml:2:22-64
16    <uses-permission android:name="android.permission.ACCESS_FINE_LOCATION" />
16-->src\main\AndroidManifest.xml:3:5-79
16-->src\main\AndroidManifest.xml:3:22-76
17    <uses-permission android:name="android.permission.ACCESS_COARSE_LOCATION" />
17-->src\main\AndroidManifest.xml:4:5-81
17-->src\main\AndroidManifest.xml:4:22-78
18    <!--
19 Required to query activities that can process text, see:
20         https://developer.android.com/training/package-visibility and
21         https://developer.android.com/reference/android/content/Intent#ACTION_PROCESS_TEXT.
22
23         In particular, this is used by the Flutter engine in io.flutter.plugin.text.ProcessTextPlugin.
24    -->
25    <queries>
25-->src\main\AndroidManifest.xml:55:5-60:15
26        <intent>
26-->src\main\AndroidManifest.xml:56:9-59:18
27            <action android:name="android.intent.action.PROCESS_TEXT" />
27-->src\main\AndroidManifest.xml:57:13-72
27-->src\main\AndroidManifest.xml:57:21-70
28
29            <data android:mimeType="text/plain" />
29-->src\main\AndroidManifest.xml:58:13-50
29-->src\main\AndroidManifest.xml:58:19-48
30        </intent>
31        <intent>
31-->[com.google.firebase:firebase-inappmessaging-display:21.0.1] AndroidManifest.xml:11:9-15:18
32            <action android:name="android.intent.action.VIEW" />
32-->[com.google.firebase:firebase-inappmessaging-display:21.0.1] AndroidManifest.xml:12:13-65
32-->[com.google.firebase:firebase-inappmessaging-display:21.0.1] AndroidManifest.xml:12:21-62
33
34            <data android:scheme="https" />
34-->src\main\AndroidManifest.xml:58:13-50
35        </intent> <!-- Needs to be explicitly declared on Android R+ -->
36        <package android:name="com.google.android.apps.maps" />
36-->[com.google.android.gms:play-services-maps:18.2.0] AndroidManifest.xml:33:9-64
36-->[com.google.android.gms:play-services-maps:18.2.0] AndroidManifest.xml:33:18-61
37    </queries>
38
39    <uses-permission android:name="android.permission.WAKE_LOCK" />
39-->[:firebase_messaging] AndroidManifest.xml:8:5-68
39-->[:firebase_messaging] AndroidManifest.xml:8:22-65
40    <uses-permission android:name="android.permission.ACCESS_NETWORK_STATE" /> <!-- Permissions options for the `notification` group -->
40-->[:firebase_messaging] AndroidManifest.xml:9:5-79
40-->[:firebase_messaging] AndroidManifest.xml:9:22-76
41    <uses-permission android:name="android.permission.POST_NOTIFICATIONS" />
41-->[:firebase_messaging] AndroidManifest.xml:11:5-77
41-->[:firebase_messaging] AndroidManifest.xml:11:22-74
42    <uses-permission android:name="android.permission.VIBRATE" />
42-->[:flutter_local_notifications] AndroidManifest.xml:7:5-66
42-->[:flutter_local_notifications] AndroidManifest.xml:7:22-63
43
44    <uses-feature
44-->[com.google.android.gms:play-services-maps:18.2.0] AndroidManifest.xml:26:5-28:35
45        android:glEsVersion="0x00020000"
45-->[com.google.android.gms:play-services-maps:18.2.0] AndroidManifest.xml:27:9-41
46        android:required="true" /> <!-- Required by older versions of Google Play services to create IID tokens -->
46-->[com.google.android.gms:play-services-maps:18.2.0] AndroidManifest.xml:28:9-32
47    <uses-permission android:name="com.google.android.c2dm.permission.RECEIVE" />
47-->[com.google.firebase:firebase-messaging:24.0.3] AndroidManifest.xml:26:5-82
47-->[com.google.firebase:firebase-messaging:24.0.3] AndroidManifest.xml:26:22-79
48
49    <permission
49-->[androidx.core:core:1.13.1] AndroidManifest.xml:22:5-24:47
50        android:name="com.example.doantn.DYNAMIC_RECEIVER_NOT_EXPORTED_PERMISSION"
50-->[androidx.core:core:1.13.1] AndroidManifest.xml:23:9-81
51        android:protectionLevel="signature" />
51-->[androidx.core:core:1.13.1] AndroidManifest.xml:24:9-44
52
53    <uses-permission android:name="com.example.doantn.DYNAMIC_RECEIVER_NOT_EXPORTED_PERMISSION" />
53-->[androidx.core:core:1.13.1] AndroidManifest.xml:26:5-97
53-->[androidx.core:core:1.13.1] AndroidManifest.xml:26:22-94
54
55    <application
56        android:name="android.app.Application"
57        android:appComponentFactory="androidx.core.app.CoreComponentFactory"
57-->[androidx.core:core:1.13.1] AndroidManifest.xml:28:18-86
58        android:debuggable="true"
59        android:extractNativeLibs="true"
60        android:icon="@mipmap/ic_launcher"
61        android:label="Tư Mập" >
62
63        <!-- TODO: Add your Google Maps API key here -->
64        <meta-data
65            android:name="com.google.android.geo.API_KEY"
66            android:value="AIzaSyCOWlIQTOtPgzJDFdyyJEJvFuZM_hFa5Ic" />
67        <meta-data
68            android:name="firebase_messaging_auto_init_enabled"
69            android:value="false" />
70        <meta-data
71            android:name="firebase_analytics_collection_enabled"
72            android:value="false" />
73
74        <activity
75            android:name="com.example.doantn.MainActivity"
76            android:configChanges="orientation|keyboardHidden|keyboard|screenSize|smallestScreenSize|locale|layoutDirection|fontScale|screenLayout|density|uiMode"
77            android:exported="true"
78            android:hardwareAccelerated="true"
79            android:launchMode="singleTop"
80            android:taskAffinity=""
81            android:theme="@style/LaunchTheme"
82            android:windowSoftInputMode="adjustResize" >
83
84            <!--
85                 Specifies an Android theme to apply to this Activity as soon as
86                 the Android process has started. This theme is visible to the user
87                 while the Flutter UI initializes. After that, this theme continues
88                 to determine the Window background behind the Flutter UI.
89            -->
90            <meta-data
91                android:name="io.flutter.embedding.android.NormalTheme"
92                android:resource="@style/NormalTheme" />
93
94            <intent-filter>
95                <action android:name="android.intent.action.MAIN" />
96
97                <category android:name="android.intent.category.LAUNCHER" />
98            </intent-filter>
99        </activity>
100        <!--
101             Don't delete the meta-data below.
102             This is used by the Flutter tool to generate GeneratedPluginRegistrant.java
103        -->
104        <meta-data
105            android:name="flutterEmbedding"
106            android:value="2" />
107
108        <service
108-->[:firebase_in_app_messaging] AndroidManifest.xml:8:9-12:19
109            android:name="com.google.firebase.components.ComponentDiscoveryService"
109-->[:firebase_in_app_messaging] AndroidManifest.xml:8:18-89
110            android:directBootAware="true"
110-->[com.google.firebase:firebase-common:21.0.0] AndroidManifest.xml:32:13-43
111            android:exported="false" >
111-->[com.google.firebase:firebase-inappmessaging-display:21.0.1] AndroidManifest.xml:21:13-37
112            <meta-data
112-->[:firebase_in_app_messaging] AndroidManifest.xml:9:13-11:85
113                android:name="com.google.firebase.components:io.flutter.plugins.firebase.inappmessaging.FlutterFirebaseAppRegistrar"
113-->[:firebase_in_app_messaging] AndroidManifest.xml:10:17-133
114                android:value="com.google.firebase.components.ComponentRegistrar" />
114-->[:firebase_in_app_messaging] AndroidManifest.xml:11:17-82
115            <meta-data
115-->[:firebase_messaging] AndroidManifest.xml:36:13-38:85
116                android:name="com.google.firebase.components:io.flutter.plugins.firebase.messaging.FlutterFirebaseAppRegistrar"
116-->[:firebase_messaging] AndroidManifest.xml:37:17-128
117                android:value="com.google.firebase.components.ComponentRegistrar" />
117-->[:firebase_messaging] AndroidManifest.xml:38:17-82
118            <meta-data
118-->[:firebase_core] AndroidManifest.xml:9:13-11:85
119                android:name="com.google.firebase.components:io.flutter.plugins.firebase.core.FlutterFirebaseCoreRegistrar"
119-->[:firebase_core] AndroidManifest.xml:10:17-124
120                android:value="com.google.firebase.components.ComponentRegistrar" />
120-->[:firebase_core] AndroidManifest.xml:11:17-82
121            <meta-data
121-->[com.google.firebase:firebase-inappmessaging-display:21.0.1] AndroidManifest.xml:22:13-24:85
122                android:name="com.google.firebase.components:com.google.firebase.inappmessaging.display.FirebaseInAppMessagingDisplayKtxRegistrar"
122-->[com.google.firebase:firebase-inappmessaging-display:21.0.1] AndroidManifest.xml:23:17-147
123                android:value="com.google.firebase.components.ComponentRegistrar" />
123-->[com.google.firebase:firebase-inappmessaging-display:21.0.1] AndroidManifest.xml:24:17-82
124            <meta-data
124-->[com.google.firebase:firebase-inappmessaging-display:21.0.1] AndroidManifest.xml:25:13-27:85
125                android:name="com.google.firebase.components:com.google.firebase.inappmessaging.display.FirebaseInAppMessagingDisplayRegistrar"
125-->[com.google.firebase:firebase-inappmessaging-display:21.0.1] AndroidManifest.xml:26:17-144
126                android:value="com.google.firebase.components.ComponentRegistrar" />
126-->[com.google.firebase:firebase-inappmessaging-display:21.0.1] AndroidManifest.xml:27:17-82
127            <meta-data
127-->[com.google.firebase:firebase-messaging:24.0.3] AndroidManifest.xml:57:13-59:85
128                android:name="com.google.firebase.components:com.google.firebase.messaging.FirebaseMessagingKtxRegistrar"
128-->[com.google.firebase:firebase-messaging:24.0.3] AndroidManifest.xml:58:17-122
129                android:value="com.google.firebase.components.ComponentRegistrar" />
129-->[com.google.firebase:firebase-messaging:24.0.3] AndroidManifest.xml:59:17-82
130            <meta-data
130-->[com.google.firebase:firebase-messaging:24.0.3] AndroidManifest.xml:60:13-62:85
131                android:name="com.google.firebase.components:com.google.firebase.messaging.FirebaseMessagingRegistrar"
131-->[com.google.firebase:firebase-messaging:24.0.3] AndroidManifest.xml:61:17-119
132                android:value="com.google.firebase.components.ComponentRegistrar" />
132-->[com.google.firebase:firebase-messaging:24.0.3] AndroidManifest.xml:62:17-82
133            <meta-data
133-->[com.google.firebase:firebase-inappmessaging:21.0.1] AndroidManifest.xml:14:13-16:85
134                android:name="com.google.firebase.components:com.google.firebase.inappmessaging.FirebaseInAppMessagingKtxRegistrar"
134-->[com.google.firebase:firebase-inappmessaging:21.0.1] AndroidManifest.xml:15:17-132
135                android:value="com.google.firebase.components.ComponentRegistrar" />
135-->[com.google.firebase:firebase-inappmessaging:21.0.1] AndroidManifest.xml:16:17-82
136            <meta-data
136-->[com.google.firebase:firebase-inappmessaging:21.0.1] AndroidManifest.xml:17:13-19:85
137                android:name="com.google.firebase.components:com.google.firebase.inappmessaging.FirebaseInAppMessagingRegistrar"
137-->[com.google.firebase:firebase-inappmessaging:21.0.1] AndroidManifest.xml:18:17-129
138                android:value="com.google.firebase.components.ComponentRegistrar" />
138-->[com.google.firebase:firebase-inappmessaging:21.0.1] AndroidManifest.xml:19:17-82
139            <meta-data
139-->[com.google.firebase:firebase-installations:18.0.0] AndroidManifest.xml:15:13-17:85
140                android:name="com.google.firebase.components:com.google.firebase.installations.FirebaseInstallationsKtxRegistrar"
140-->[com.google.firebase:firebase-installations:18.0.0] AndroidManifest.xml:16:17-130
141                android:value="com.google.firebase.components.ComponentRegistrar" />
141-->[com.google.firebase:firebase-installations:18.0.0] AndroidManifest.xml:17:17-82
142            <meta-data
142-->[com.google.firebase:firebase-installations:18.0.0] AndroidManifest.xml:18:13-20:85
143                android:name="com.google.firebase.components:com.google.firebase.installations.FirebaseInstallationsRegistrar"
143-->[com.google.firebase:firebase-installations:18.0.0] AndroidManifest.xml:19:17-127
144                android:value="com.google.firebase.components.ComponentRegistrar" />
144-->[com.google.firebase:firebase-installations:18.0.0] AndroidManifest.xml:20:17-82
145            <meta-data
145-->[com.google.firebase:firebase-common-ktx:21.0.0] AndroidManifest.xml:12:13-14:85
146                android:name="com.google.firebase.components:com.google.firebase.ktx.FirebaseCommonLegacyRegistrar"
146-->[com.google.firebase:firebase-common-ktx:21.0.0] AndroidManifest.xml:13:17-116
147                android:value="com.google.firebase.components.ComponentRegistrar" />
147-->[com.google.firebase:firebase-common-ktx:21.0.0] AndroidManifest.xml:14:17-82
148            <meta-data
148-->[com.google.firebase:firebase-common:21.0.0] AndroidManifest.xml:35:13-37:85
149                android:name="com.google.firebase.components:com.google.firebase.FirebaseCommonKtxRegistrar"
149-->[com.google.firebase:firebase-common:21.0.0] AndroidManifest.xml:36:17-109
150                android:value="com.google.firebase.components.ComponentRegistrar" />
150-->[com.google.firebase:firebase-common:21.0.0] AndroidManifest.xml:37:17-82
151            <meta-data
151-->[com.google.firebase:firebase-abt:21.1.1] AndroidManifest.xml:12:13-14:85
152                android:name="com.google.firebase.components:com.google.firebase.abt.component.AbtRegistrar"
152-->[com.google.firebase:firebase-abt:21.1.1] AndroidManifest.xml:13:17-109
153                android:value="com.google.firebase.components.ComponentRegistrar" />
153-->[com.google.firebase:firebase-abt:21.1.1] AndroidManifest.xml:14:17-82
154            <meta-data
154-->[com.google.firebase:firebase-datatransport:18.2.0] AndroidManifest.xml:25:13-27:85
155                android:name="com.google.firebase.components:com.google.firebase.datatransport.TransportRegistrar"
155-->[com.google.firebase:firebase-datatransport:18.2.0] AndroidManifest.xml:26:17-115
156                android:value="com.google.firebase.components.ComponentRegistrar" />
156-->[com.google.firebase:firebase-datatransport:18.2.0] AndroidManifest.xml:27:17-82
157        </service>
158        <service
158-->[:firebase_messaging] AndroidManifest.xml:14:9-17:72
159            android:name="io.flutter.plugins.firebase.messaging.FlutterFirebaseMessagingBackgroundService"
159-->[:firebase_messaging] AndroidManifest.xml:15:13-107
160            android:exported="false"
160-->[:firebase_messaging] AndroidManifest.xml:16:13-37
161            android:permission="android.permission.BIND_JOB_SERVICE" />
161-->[:firebase_messaging] AndroidManifest.xml:17:13-69
162        <service
162-->[:firebase_messaging] AndroidManifest.xml:18:9-24:19
163            android:name="io.flutter.plugins.firebase.messaging.FlutterFirebaseMessagingService"
163-->[:firebase_messaging] AndroidManifest.xml:19:13-97
164            android:exported="false" >
164-->[:firebase_messaging] AndroidManifest.xml:20:13-37
165            <intent-filter>
165-->[:firebase_messaging] AndroidManifest.xml:21:13-23:29
166                <action android:name="com.google.firebase.MESSAGING_EVENT" />
166-->[:firebase_messaging] AndroidManifest.xml:22:17-78
166-->[:firebase_messaging] AndroidManifest.xml:22:25-75
167            </intent-filter>
168        </service>
169
170        <receiver
170-->[:firebase_messaging] AndroidManifest.xml:26:9-33:20
171            android:name="io.flutter.plugins.firebase.messaging.FlutterFirebaseMessagingReceiver"
171-->[:firebase_messaging] AndroidManifest.xml:27:13-98
172            android:exported="true"
172-->[:firebase_messaging] AndroidManifest.xml:28:13-36
173            android:permission="com.google.android.c2dm.permission.SEND" >
173-->[:firebase_messaging] AndroidManifest.xml:29:13-73
174            <intent-filter>
174-->[:firebase_messaging] AndroidManifest.xml:30:13-32:29
175                <action android:name="com.google.android.c2dm.intent.RECEIVE" />
175-->[:firebase_messaging] AndroidManifest.xml:31:17-81
175-->[:firebase_messaging] AndroidManifest.xml:31:25-78
176            </intent-filter>
177        </receiver>
178
179        <provider
179-->[:firebase_messaging] AndroidManifest.xml:41:9-45:38
180            android:name="io.flutter.plugins.firebase.messaging.FlutterFirebaseMessagingInitProvider"
180-->[:firebase_messaging] AndroidManifest.xml:42:13-102
181            android:authorities="com.example.doantn.flutterfirebasemessaginginitprovider"
181-->[:firebase_messaging] AndroidManifest.xml:43:13-88
182            android:exported="false"
182-->[:firebase_messaging] AndroidManifest.xml:44:13-37
183            android:initOrder="99" />
183-->[:firebase_messaging] AndroidManifest.xml:45:13-35
184
185        <service
185-->[:geolocator_android] AndroidManifest.xml:8:9-12:56
186            android:name="com.baseflow.geolocator.GeolocatorLocationService"
186-->[:geolocator_android] AndroidManifest.xml:9:13-77
187            android:enabled="true"
187-->[:geolocator_android] AndroidManifest.xml:10:13-35
188            android:exported="false"
188-->[:geolocator_android] AndroidManifest.xml:11:13-37
189            android:foregroundServiceType="location" />
189-->[:geolocator_android] AndroidManifest.xml:12:13-53
190
191        <uses-library
191-->[androidx.window:window:1.2.0] AndroidManifest.xml:23:9-25:40
192            android:name="androidx.window.extensions"
192-->[androidx.window:window:1.2.0] AndroidManifest.xml:24:13-54
193            android:required="false" />
193-->[androidx.window:window:1.2.0] AndroidManifest.xml:25:13-37
194        <uses-library
194-->[androidx.window:window:1.2.0] AndroidManifest.xml:26:9-28:40
195            android:name="androidx.window.sidecar"
195-->[androidx.window:window:1.2.0] AndroidManifest.xml:27:13-51
196            android:required="false" /> <!-- Needs to be explicitly declared on P+ -->
196-->[androidx.window:window:1.2.0] AndroidManifest.xml:28:13-37
197        <uses-library
197-->[com.google.android.gms:play-services-maps:18.2.0] AndroidManifest.xml:39:9-41:40
198            android:name="org.apache.http.legacy"
198-->[com.google.android.gms:play-services-maps:18.2.0] AndroidManifest.xml:40:13-50
199            android:required="false" />
199-->[com.google.android.gms:play-services-maps:18.2.0] AndroidManifest.xml:41:13-37
200
201        <receiver
201-->[com.google.firebase:firebase-messaging:24.0.3] AndroidManifest.xml:29:9-40:20
202            android:name="com.google.firebase.iid.FirebaseInstanceIdReceiver"
202-->[com.google.firebase:firebase-messaging:24.0.3] AndroidManifest.xml:30:13-78
203            android:exported="true"
203-->[com.google.firebase:firebase-messaging:24.0.3] AndroidManifest.xml:31:13-36
204            android:permission="com.google.android.c2dm.permission.SEND" >
204-->[com.google.firebase:firebase-messaging:24.0.3] AndroidManifest.xml:32:13-73
205            <intent-filter>
205-->[:firebase_messaging] AndroidManifest.xml:30:13-32:29
206                <action android:name="com.google.android.c2dm.intent.RECEIVE" />
206-->[:firebase_messaging] AndroidManifest.xml:31:17-81
206-->[:firebase_messaging] AndroidManifest.xml:31:25-78
207            </intent-filter>
208
209            <meta-data
209-->[com.google.firebase:firebase-messaging:24.0.3] AndroidManifest.xml:37:13-39:40
210                android:name="com.google.android.gms.cloudmessaging.FINISHED_AFTER_HANDLED"
210-->[com.google.firebase:firebase-messaging:24.0.3] AndroidManifest.xml:38:17-92
211                android:value="true" />
211-->[com.google.firebase:firebase-messaging:24.0.3] AndroidManifest.xml:39:17-37
212        </receiver>
213        <!--
214             FirebaseMessagingService performs security checks at runtime,
215             but set to not exported to explicitly avoid allowing another app to call it.
216        -->
217        <service
217-->[com.google.firebase:firebase-messaging:24.0.3] AndroidManifest.xml:46:9-53:19
218            android:name="com.google.firebase.messaging.FirebaseMessagingService"
218-->[com.google.firebase:firebase-messaging:24.0.3] AndroidManifest.xml:47:13-82
219            android:directBootAware="true"
219-->[com.google.firebase:firebase-messaging:24.0.3] AndroidManifest.xml:48:13-43
220            android:exported="false" >
220-->[com.google.firebase:firebase-messaging:24.0.3] AndroidManifest.xml:49:13-37
221            <intent-filter android:priority="-500" >
221-->[:firebase_messaging] AndroidManifest.xml:21:13-23:29
222                <action android:name="com.google.firebase.MESSAGING_EVENT" />
222-->[:firebase_messaging] AndroidManifest.xml:22:17-78
222-->[:firebase_messaging] AndroidManifest.xml:22:25-75
223            </intent-filter>
224        </service>
225
226        <activity
226-->[com.google.android.gms:play-services-base:18.3.0] AndroidManifest.xml:20:9-22:45
227            android:name="com.google.android.gms.common.api.GoogleApiActivity"
227-->[com.google.android.gms:play-services-base:18.3.0] AndroidManifest.xml:20:19-85
228            android:exported="false"
228-->[com.google.android.gms:play-services-base:18.3.0] AndroidManifest.xml:22:19-43
229            android:theme="@android:style/Theme.Translucent.NoTitleBar" />
229-->[com.google.android.gms:play-services-base:18.3.0] AndroidManifest.xml:21:19-78
230
231        <provider
231-->[com.google.firebase:firebase-common:21.0.0] AndroidManifest.xml:23:9-28:39
232            android:name="com.google.firebase.provider.FirebaseInitProvider"
232-->[com.google.firebase:firebase-common:21.0.0] AndroidManifest.xml:24:13-77
233            android:authorities="com.example.doantn.firebaseinitprovider"
233-->[com.google.firebase:firebase-common:21.0.0] AndroidManifest.xml:25:13-72
234            android:directBootAware="true"
234-->[com.google.firebase:firebase-common:21.0.0] AndroidManifest.xml:26:13-43
235            android:exported="false"
235-->[com.google.firebase:firebase-common:21.0.0] AndroidManifest.xml:27:13-37
236            android:initOrder="100" />
236-->[com.google.firebase:firebase-common:21.0.0] AndroidManifest.xml:28:13-36
237
238        <meta-data
238-->[com.google.android.gms:play-services-basement:18.3.0] AndroidManifest.xml:21:9-23:69
239            android:name="com.google.android.gms.version"
239-->[com.google.android.gms:play-services-basement:18.3.0] AndroidManifest.xml:22:13-58
240            android:value="@integer/google_play_services_version" />
240-->[com.google.android.gms:play-services-basement:18.3.0] AndroidManifest.xml:23:13-66
241
242        <provider
242-->[androidx.lifecycle:lifecycle-process:2.7.0] AndroidManifest.xml:24:9-32:20
243            android:name="androidx.startup.InitializationProvider"
243-->[androidx.lifecycle:lifecycle-process:2.7.0] AndroidManifest.xml:25:13-67
244            android:authorities="com.example.doantn.androidx-startup"
244-->[androidx.lifecycle:lifecycle-process:2.7.0] AndroidManifest.xml:26:13-68
245            android:exported="false" >
245-->[androidx.lifecycle:lifecycle-process:2.7.0] AndroidManifest.xml:27:13-37
246            <meta-data
246-->[androidx.lifecycle:lifecycle-process:2.7.0] AndroidManifest.xml:29:13-31:52
247                android:name="androidx.lifecycle.ProcessLifecycleInitializer"
247-->[androidx.lifecycle:lifecycle-process:2.7.0] AndroidManifest.xml:30:17-78
248                android:value="androidx.startup" />
248-->[androidx.lifecycle:lifecycle-process:2.7.0] AndroidManifest.xml:31:17-49
249            <meta-data
249-->[androidx.profileinstaller:profileinstaller:1.3.1] AndroidManifest.xml:29:13-31:52
250                android:name="androidx.profileinstaller.ProfileInstallerInitializer"
250-->[androidx.profileinstaller:profileinstaller:1.3.1] AndroidManifest.xml:30:17-85
251                android:value="androidx.startup" />
251-->[androidx.profileinstaller:profileinstaller:1.3.1] AndroidManifest.xml:31:17-49
252        </provider>
253
254        <receiver
254-->[androidx.profileinstaller:profileinstaller:1.3.1] AndroidManifest.xml:34:9-52:20
255            android:name="androidx.profileinstaller.ProfileInstallReceiver"
255-->[androidx.profileinstaller:profileinstaller:1.3.1] AndroidManifest.xml:35:13-76
256            android:directBootAware="false"
256-->[androidx.profileinstaller:profileinstaller:1.3.1] AndroidManifest.xml:36:13-44
257            android:enabled="true"
257-->[androidx.profileinstaller:profileinstaller:1.3.1] AndroidManifest.xml:37:13-35
258            android:exported="true"
258-->[androidx.profileinstaller:profileinstaller:1.3.1] AndroidManifest.xml:38:13-36
259            android:permission="android.permission.DUMP" >
259-->[androidx.profileinstaller:profileinstaller:1.3.1] AndroidManifest.xml:39:13-57
260            <intent-filter>
260-->[androidx.profileinstaller:profileinstaller:1.3.1] AndroidManifest.xml:40:13-42:29
261                <action android:name="androidx.profileinstaller.action.INSTALL_PROFILE" />
261-->[androidx.profileinstaller:profileinstaller:1.3.1] AndroidManifest.xml:41:17-91
261-->[androidx.profileinstaller:profileinstaller:1.3.1] AndroidManifest.xml:41:25-88
262            </intent-filter>
263            <intent-filter>
263-->[androidx.profileinstaller:profileinstaller:1.3.1] AndroidManifest.xml:43:13-45:29
264                <action android:name="androidx.profileinstaller.action.SKIP_FILE" />
264-->[androidx.profileinstaller:profileinstaller:1.3.1] AndroidManifest.xml:44:17-85
264-->[androidx.profileinstaller:profileinstaller:1.3.1] AndroidManifest.xml:44:25-82
265            </intent-filter>
266            <intent-filter>
266-->[androidx.profileinstaller:profileinstaller:1.3.1] AndroidManifest.xml:46:13-48:29
267                <action android:name="androidx.profileinstaller.action.SAVE_PROFILE" />
267-->[androidx.profileinstaller:profileinstaller:1.3.1] AndroidManifest.xml:47:17-88
267-->[androidx.profileinstaller:profileinstaller:1.3.1] AndroidManifest.xml:47:25-85
268            </intent-filter>
269            <intent-filter>
269-->[androidx.profileinstaller:profileinstaller:1.3.1] AndroidManifest.xml:49:13-51:29
270                <action android:name="androidx.profileinstaller.action.BENCHMARK_OPERATION" />
270-->[androidx.profileinstaller:profileinstaller:1.3.1] AndroidManifest.xml:50:17-95
270-->[androidx.profileinstaller:profileinstaller:1.3.1] AndroidManifest.xml:50:25-92
271            </intent-filter>
272        </receiver>
273
274        <service
274-->[com.google.android.datatransport:transport-backend-cct:3.1.9] AndroidManifest.xml:28:9-34:19
275            android:name="com.google.android.datatransport.runtime.backends.TransportBackendDiscovery"
275-->[com.google.android.datatransport:transport-backend-cct:3.1.9] AndroidManifest.xml:29:13-103
276            android:exported="false" >
276-->[com.google.android.datatransport:transport-backend-cct:3.1.9] AndroidManifest.xml:30:13-37
277            <meta-data
277-->[com.google.android.datatransport:transport-backend-cct:3.1.9] AndroidManifest.xml:31:13-33:39
278                android:name="backend:com.google.android.datatransport.cct.CctBackendFactory"
278-->[com.google.android.datatransport:transport-backend-cct:3.1.9] AndroidManifest.xml:32:17-94
279                android:value="cct" />
279-->[com.google.android.datatransport:transport-backend-cct:3.1.9] AndroidManifest.xml:33:17-36
280        </service>
281        <service
281-->[com.google.android.datatransport:transport-runtime:3.1.9] AndroidManifest.xml:26:9-30:19
282            android:name="com.google.android.datatransport.runtime.scheduling.jobscheduling.JobInfoSchedulerService"
282-->[com.google.android.datatransport:transport-runtime:3.1.9] AndroidManifest.xml:27:13-117
283            android:exported="false"
283-->[com.google.android.datatransport:transport-runtime:3.1.9] AndroidManifest.xml:28:13-37
284            android:permission="android.permission.BIND_JOB_SERVICE" >
284-->[com.google.android.datatransport:transport-runtime:3.1.9] AndroidManifest.xml:29:13-69
285        </service>
286
287        <receiver
287-->[com.google.android.datatransport:transport-runtime:3.1.9] AndroidManifest.xml:32:9-34:40
288            android:name="com.google.android.datatransport.runtime.scheduling.jobscheduling.AlarmManagerSchedulerBroadcastReceiver"
288-->[com.google.android.datatransport:transport-runtime:3.1.9] AndroidManifest.xml:33:13-132
289            android:exported="false" />
289-->[com.google.android.datatransport:transport-runtime:3.1.9] AndroidManifest.xml:34:13-37
290    </application>
291
292</manifest>